[2013-10-29 10:47]----------------------------------------------------------->
-> Search and gzip *.css.min files on /home/fernando/Escritorio/wp-content/themes/GeoPlaces/
-> Search and gzip *.js.min files on /home/fernando/Escritorio/wp-content/themes/GeoPlaces/

Complete: 
         All files are up to date.
[2013-10-29 11:01]----------------------------------------------------------->
-> Search and gzip *.css.min files on /home/fernando/Escritorio/wp-content/themes/GeoPlaces/
-> Search and gzip *.js.min files on /home/fernando/Escritorio/wp-content/themes/GeoPlaces/

Complete: 
         All files are up to date.
[2013-10-29 11:01]----------------------------------------------------------->
-> Search and gzip *.css.min files on /home/fernando/Escritorio/wp-content/themes/GeoPlaces/
-> Search and gzip *.js.min files on /home/fernando/Escritorio/wp-content/themes/GeoPlaces/

Complete: 
         All files are up to date.
[2013-10-29 11:01]----------------------------------------------------------->
-> Search and gzip *.css.min files on -s
find: unknown predicate `-s'
-> Search and gzip *.js.min files on -s
find: unknown predicate `-s'

Complete: 
         All files are up to date.
[2013-10-29 11:13]----------------------------------------------------------->
-> Search and gzip *.css.min files on /home/fernando/Escritorio/wp-content/themes/GeoPlaces/
-> Search and gzip *.js.min files on /home/fernando/Escritorio/wp-content/themes/GeoPlaces/

Complete: 
         All files are up to date.
[2013-10-29 11:14]----------------------------------------------------------->
-> Search and gzip *.css.min files on /home/fernando/Escritorio/wp-content/themes/GeoPlaces/
-> Search and gzip *.js.min files on /home/fernando/Escritorio/wp-content/themes/GeoPlaces/

Complete: 
         All files are up to date.
[2013-10-29 11:15]----------------------------------------------------------->
-> Search and gzip *.css.min files on /home/fernando/Escritorio/wp-content/themes/GeoPlaces/
-> Search and gzip *.js.min files on /home/fernando/Escritorio/wp-content/themes/GeoPlaces/

Complete: 
         All files are up to date.
[2013-10-29 11:19]----------------------------------------------------------->
-> Search and gzip *.css.min files on /home/fernando/Escritorio/wp-content/themes/GeoPlaces/
-> Search and gzip *.js.min files on /home/fernando/Escritorio/wp-content/themes/GeoPlaces/

Complete: 
         All files are up to date.
[2013-10-29 11:20]----------------------------------------------------------->
-> Search and gzip *.css.min files on /home/fernando/Escritorio/wp-content/themes/GeoPlaces/
-> Search and gzip *.js.min files on /home/fernando/Escritorio/wp-content/themes/GeoPlaces/

Complete: 
         All files are up to date.
[2013-10-29 11:20]----------------------------------------------------------->
-> Search and gzip *.css.min files on /home/fernando/Escritorio/wp-content/themes/GeoPlaces/
-> Search and gzip *.js.min files on /home/fernando/Escritorio/wp-content/themes/GeoPlaces/

Complete: 
         All files are up to date.
[2013-10-29 11:21]----------------------------------------------------------->
-> Search and gzip *.css.min files on /home/fernando/Escritorio/wp-content/themes/GeoPlaces/
-> Search and gzip *.js.min files on /home/fernando/Escritorio/wp-content/themes/GeoPlaces/

Complete: 
         All files are up to date.
[2013-10-29 11:24]----------------------------------------------------------->
-> Search and gzip *.css.min files on /home/fernando/Escritorio/wp-content/themes/GeoPlaces/
-> Search and gzip *.js.min files on /home/fernando/Escritorio/wp-content/themes/GeoPlaces/

Complete: 
         All files are up to date.
[2013-10-29 11:37]----------------------------------------------------------->
-> Search and gzip *.css.min files on /home/fernando/Escritorio/wp-content/themes/GeoPlaces/
-> Search and gzip *.js.min files on /home/fernando/Escritorio/wp-content/themes/GeoPlaces/

Complete: 
         All files are up to date.
[2013-10-29 11:37]----------------------------------------------------------->
-> Search and gzip *.css.min files on /home/fernando/Escritorio/wp-content/themes/GeoPlaces/
-> Search and gzip *.js.min files on /home/fernando/Escritorio/wp-content/themes/GeoPlaces/

Complete: 
         All files are up to date.
[2013-10-29 11:39]----------------------------------------------------------->
-> Search and gzip *.css.min files on /home/fernando/Escritorio/wp-content/themes/GeoPlaces/
-> Search and gzip *.js.min files on /home/fernando/Escritorio/wp-content/themes/GeoPlaces/

Complete: 
         All files are up to date.
[2013-10-29 11:39]----------------------------------------------------------->
-> Search and gzip *.css.min files on /home/fernando/Escritorio/wp-content/themes/GeoPlaces/
-> Search and gzip *.js.min files on /home/fernando/Escritorio/wp-content/themes/GeoPlaces/

Complete: 
         All files are up to date.
[2013-10-29 11:39]----------------------------------------------------------->
-> Search and gzip *.css.min files on /home/fernando/Escritorio/wp-content/themes/GeoPlaces/
-> Search and gzip *.js.min files on /home/fernando/Escritorio/wp-content/themes/GeoPlaces/

Complete: 
         All files are up to date.
[2013-10-29 11:39]----------------------------------------------------------->
-> Search and gzip *.css.min files on /home/fernando/Escritorio/wp-content/themes/GeoPlaces/
-> Search and gzip *.js.min files on /home/fernando/Escritorio/wp-content/themes/GeoPlaces/

Complete: 
         All files are up to date.
[2013-10-29 11:40]----------------------------------------------------------->
-> Search and gzip *.css.min files on /home/fernando/Escritorio/wp-content/themes/GeoPlaces/
-> Search and gzip *.js.min files on /home/fernando/Escritorio/wp-content/themes/GeoPlaces/

Complete: 
         All files are up to date.
[2013-10-29 11:40]----------------------------------------------------------->
-> Search and gzip *.css.min files on /home/fernando/Escritorio/wp-content/themes/GeoPlaces/
-> Search and gzip *.js.min files on /home/fernando/Escritorio/wp-content/themes/GeoPlaces/

Complete: 
         All files are up to date.
[2013-10-29 11:41]----------------------------------------------------------->
-> Search and gzip *.css.min files on /home/fernando/Escritorio/wp-content/themes/GeoPlaces/
-> Search and gzip *.js.min files on /home/fernando/Escritorio/wp-content/themes/GeoPlaces/

Complete: 
         All files are up to date.
[2013-10-29 11:41]----------------------------------------------------------->
-> Search and gzip *.css.min files on -s
find: unknown predicate `-s'
-> Search and gzip *.js.min files on -s
find: unknown predicate `-s'

Complete: 
         All files are up to date.
[2013-10-29 11:42]----------------------------------------------------------->
-> Search and gzip *.css.min files on 
-> Search and gzip *.js.min files on 

Complete: 
         All files are up to date.
[2013-10-29 11:44]----------------------------------------------------------->
-> Search and gzip *.css.min files on 
-> Search and gzip *.js.min files on 

Complete: 
         All files are up to date.
[2013-10-29 11:44]----------------------------------------------------------->
-> Search and gzip *.css.min files on /home/fernando/Escritorio/wp-content/themes/GeoPlaces/
-> Search and gzip *.js.min files on /home/fernando/Escritorio/wp-content/themes/GeoPlaces/

Complete: 
         All files are up to date.
[2013-10-29 11:52]----------------------------------------------------------->
-> Search and gzip *.css.min files on /home/fernando/Escritorio/wp-content/themes/GeoPlaces/
-> Search and gzip *.js.min files on /home/fernando/Escritorio/wp-content/themes/GeoPlaces/

Complete: 
         All files are up to date.
[2013-10-29 11:54]----------------------------------------------------------->
-> Search and gzip *.css.min files on -sn
find: unknown predicate `-sn'
-> Search and gzip *.js.min files on -sn
find: unknown predicate `-sn'

Complete: 
         All files are up to date.
[2013-10-29 11:54]----------------------------------------------------------->
-> Search and gzip *.css.min files on /home/fernando/Escritorio/wp-content/themes/GeoPlaces/
-> Search and gzip *.js.min files on /home/fernando/Escritorio/wp-content/themes/GeoPlaces/

Complete: 
         All files are up to date.
[2013-10-29 11:55]----------------------------------------------------------->
-> Search and gzip *.css.min files on /home/fernando/Escritorio/wp-content/themes/GeoPlaces/
-> Search and gzip *.js.min files on /home/fernando/Escritorio/wp-content/themes/GeoPlaces/

Complete: 
         All files are up to date.
[2013-10-29 11:55]----------------------------------------------------------->
-> Search and gzip *.css.min files on /home/fernando/Escritorio/wp-content/themes/GeoPlaces/
-> Search and gzip *.js.min files on /home/fernando/Escritorio/wp-content/themes/GeoPlaces/

Complete: 
         All files are up to date.
[2013-10-29 11:55]----------------------------------------------------------->
-> Search and gzip *.css.min files on /home/fernando/Escritorio/wp-content/themes/GeoPlaces/
-> Search and gzip *.js.min files on /home/fernando/Escritorio/wp-content/themes/GeoPlaces/

Complete: 
         All files are up to date.
[2013-10-29 11:55]----------------------------------------------------------->
-> Search and gzip *.css.min files on 
-> Search and gzip *.js.min files on 

Complete: 
         All files are up to date.
[2013-10-29 11:56]----------------------------------------------------------->
-> Search and gzip *.css.min files on /home/fernando/Escritorio/wp-content/themes/GeoPlaces/
-> Search and gzip *.js.min files on /home/fernando/Escritorio/wp-content/themes/GeoPlaces/

Complete: 
         All files are up to date.
[2013-10-29 11:56]----------------------------------------------------------->
-> Search and gzip *.css.min files on /home/fernando/Escritorio/wp-content/themes/GeoPlaces/
-> Search and gzip *.js.min files on /home/fernando/Escritorio/wp-content/themes/GeoPlaces/

Complete: 
         All files are up to date.
[2013-10-29 12:04]----------------------------------------------------------->
-> Search and gzip *.css.min files on /home/fernando/Escritorio/wp-content/themes/GeoPlaces/
-> Search and gzip *.js.min files on /home/fernando/Escritorio/wp-content/themes/GeoPlaces/

Complete: 
         All files are up to date.
[2013-10-29 12:06]----------------------------------------------------------->
-> Search and gzip *.css.min files on /home/fernando/Escritorio/wp-content/themes/GeoPlaces/
-> Search and gzip *.js.min files on /home/fernando/Escritorio/wp-content/themes/GeoPlaces/

Complete: 
         All files are up to date.
[2013-10-29 12:07]----------------------------------------------------------->
-> Search and gzip *.css.min files on /home/fernando/Escritorio/wp-content/themes/GeoPlaces/
-> Search and gzip *.js.min files on /home/fernando/Escritorio/wp-content/themes/GeoPlaces/

Complete: 
         All files are up to date.
[2013-10-29 12:10]----------------------------------------------------------->
-> Search and gzip *.css.min files on /home/fernando/Escritorio/wp-content/themes/GeoPlaces/
-> Search and gzip *.js.min files on /home/fernando/Escritorio/wp-content/themes/GeoPlaces/

Complete: 
         All files are up to date.
[2013-10-29 12:10]----------------------------------------------------------->
-> Search and gzip *.css.min files on /home/fernando/Escritorio/wp-content/themes/GeoPlaces/
-> Search and gzip *.js.min files on /home/fernando/Escritorio/wp-content/themes/GeoPlaces/

Complete: 
         All files are up to date.
[2013-10-29 12:12]----------------------------------------------------------->
-> Search and gzip *.css.min files on /home/fernando/Escritorio/wp-content/themes/GeoPlaces/
-> Search and gzip *.js.min files on /home/fernando/Escritorio/wp-content/themes/GeoPlaces/

Complete: 
         All files are up to date.
[2013-10-29 12:13]----------------------------------------------------------->
-> Search and gzip *.css.min files on /home/fernando/Escritorio/wp-content/themes/GeoPlaces/
-> Search and gzip *.js.min files on /home/fernando/Escritorio/wp-content/themes/GeoPlaces/

Complete: 
         All files are up to date.
[2013-10-29 12:14]----------------------------------------------------------->
-> Search and gzip *.css.min files on /home/fernando/Escritorio/wp-content/themes/GeoPlaces/
-> Search and gzip *.js.min files on /home/fernando/Escritorio/wp-content/themes/GeoPlaces/

Complete: 
         All files are up to date.
[2013-10-29 12:20]----------------------------------------------------------->
-> Search and gzip *.css.min files on /home/fernando/Escritorio/wp-content/themes/GeoPlaces/
-> Search and gzip *.js.min files on /home/fernando/Escritorio/wp-content/themes/GeoPlaces/

Complete: 
         All files are up to date.
[2013-10-29 12:23]----------------------------------------------------------->
-> Search and gzip *.css.min files on /home/fernando/Escritorio/wp-content/themes/GeoPlaces/
-> Search and gzip *.js.min files on /home/fernando/Escritorio/wp-content/themes/GeoPlaces/

Complete: 
         All files are up to date.
[2013-10-30 11:17]----------------------------------------------------------->
-> Search and gzip *.css.min files on /home/fernando/Escritorio/wp-content/themes/GeoPlaces/
-> Search and gzip *.js.min files on /home/fernando/Escritorio/wp-content/themes/GeoPlaces/

Complete: 
         All files are up to date.
[2013-10-30 11:17]----------------------------------------------------------->
-> Search and gzip *.css.min files on /home/fernando/Escritorio/wp-content/themes/GeoPlaces/
-> Search and gzip *.js.min files on /home/fernando/Escritorio/wp-content/themes/GeoPlaces/

Complete: 
         All files are up to date.
[2013-10-30 11:18]----------------------------------------------------------->
-> Search and gzip *.css.min files on /home/fernando/Escritorio/wp-content/themes/GeoPlaces/
-> Search and gzip *.js.min files on /home/fernando/Escritorio/wp-content/themes/GeoPlaces/

Complete: 
         All files are up to date.
[2013-10-30 11:18]----------------------------------------------------------->
-> Search and gzip *.css.min files on /home/fernando/Escritorio/wp-content/themes/GeoPlaces/
-> Search and gzip *.js.min files on /home/fernando/Escritorio/wp-content/themes/GeoPlaces/

Complete: 
         All files are up to date.
[2013-10-30 11:18]----------------------------------------------------------->
-> Search and gzip *.css.min files on /home/fernando/Escritorio/wp-content/themes/GeoPlaces/
-> Search and gzip *.js.min files on /home/fernando/Escritorio/wp-content/themes/GeoPlaces/

Complete: 
         All files are up to date.
[2013-10-30 11:19]----------------------------------------------------------->
-> Search and gzip *.css.min files on /home/fernando/Escritorio/wp-content/themes/GeoPlaces/
-> Search and gzip *.js.min files on /home/fernando/Escritorio/wp-content/themes/GeoPlaces/

Complete: 
         All files are up to date.
[2013-10-30 11:19]----------------------------------------------------------->
-> Search and gzip *.css.min files on /home/fernando/Escritorio/wp-content/themes/GeoPlaces/
-> Search and gzip *.js.min files on /home/fernando/Escritorio/wp-content/themes/GeoPlaces/

Complete: 
         All files are up to date.
[2013-10-30 11:19]----------------------------------------------------------->
-> Search and gzip *.css.min files on /home/fernando/Escritorio/wp-content/themes/GeoPlaces/
-> Search and gzip *.js.min files on /home/fernando/Escritorio/wp-content/themes/GeoPlaces/

Complete: 
         All files are up to date.
[2013-10-30 11:22]----------------------------------------------------------->
-> Search and gzip *.css.min files on /home/fernando/Escritorio/wp-content/themes/GeoPlaces/
-> Search and gzip *.js.min files on /home/fernando/Escritorio/wp-content/themes/GeoPlaces/

Complete: 
         All files are up to date.
[2013-10-30 11:24]----------------------------------------------------------->
-> Search and gzip *.css.min files on /home/fernando/Escritorio/wp-content/themes/GeoPlaces/
-> Search and gzip *.js.min files on /home/fernando/Escritorio/wp-content/themes/GeoPlaces/

Complete: 
         All files are up to date.
