[2013-10-29 10:47]----------------------------------------------------------->
-> Search *.css.min.gz files on /home/fernando/Escritorio/wp-content/themes/GeoPlaces/ and compare with remote S3 files.
................................................................-> Search *.js.min.gz files on /home/fernando/Escritorio/wp-content/themes/GeoPlaces/ and compare with remote S3 files.
...................................................................................................................................................................................................................................[2013-10-29 11:01]----------------------------------------------------------->
-> Search *.css.min.gz files on /home/fernando/Escritorio/wp-content/themes/GeoPlaces/ and compare with remote S3 files.
.[2013-10-29 11:01]----------------------------------------------------------->
-> Search *.css.min.gz files on /home/fernando/Escritorio/wp-content/themes/GeoPlaces/ and compare with remote S3 files.
.[2013-10-29 11:01]----------------------------------------------------------->
-> Search *.css.min.gz files on -s and compare with remote S3 files.
find: unknown predicate `-s'
-> Search *.js.min.gz files on -s and compare with remote S3 files.
find: unknown predicate `-s'

Complete: 

 All files are up to date.
[2013-10-29 11:13]----------------------------------------------------------->
-> Search *.css.min.gz files on /home/fernando/Escritorio/wp-content/themes/GeoPlaces/ and compare with remote S3 files.
......[2013-10-29 11:14]----------------------------------------------------------->
-> Search *.css.min.gz files on /home/fernando/Escritorio/wp-content/themes/GeoPlaces/ and compare with remote S3 files.
......[2013-10-29 11:15]----------------------------------------------------------->
-> Search *.css.min.gz files on /home/fernando/Escritorio/wp-content/themes/GeoPlaces/ and compare with remote S3 files.
.....[2013-10-29 11:20]----------------------------------------------------------->
-> Search *.css.min.gz files on /home/fernando/Escritorio/wp-content/themes/GeoPlaces/ and compare with remote S3 files.
..[2013-10-29 11:20]----------------------------------------------------------->
-> Search *.jpg files on /home/fernando/Escritorio/wp-content/themes/GeoPlaces/ and compare with remote S3 files.
..[2013-10-29 11:21]----------------------------------------------------------->
-> Search *.css.min.gz files on /home/fernando/Escritorio/wp-content/themes/GeoPlaces/ and compare with remote S3 files.
.........................[2013-10-29 11:24]----------------------------------------------------------->
-> Search *.css files on /home/fernando/Escritorio/wp-content/themes/GeoPlaces/ and compare with remote S3 files.
................................................................-> Search *.js files on /home/fernando/Escritorio/wp-content/themes/GeoPlaces/ and compare with remote S3 files.
.................................................................................................................................................................................................................................................................[2013-10-29 11:37]----------------------------------------------------------->
-> Search *.jpg files on /home/fernando/Escritorio/wp-content/themes/GeoPlaces/ and compare with remote S3 files.
.........[2013-10-29 11:37]----------------------------------------------------------->
-> Search *.jpg files on /home/fernando/Escritorio/wp-content/themes/GeoPlaces/ and compare with remote S3 files.
..[2013-10-29 11:39]----------------------------------------------------------->
-> Search *.jpg files on /home/fernando/Escritorio/wp-content/themes/GeoPlaces/ and compare with remote S3 files.
..[2013-10-29 11:39]----------------------------------------------------------->
-> Search *.css files on /home/fernando/Escritorio/wp-content/themes/GeoPlaces/ and compare with remote S3 files.
....[2013-10-29 11:39]----------------------------------------------------------->
-> Search *.css files on /home/fernando/Escritorio/wp-content/themes/GeoPlaces/ and compare with remote S3 files.
...[2013-10-29 11:39]----------------------------------------------------------->
-> Search *.jpg files on /home/fernando/Escritorio/wp-content/themes/GeoPlaces/ and compare with remote S3 files.
....[2013-10-29 11:40]----------------------------------------------------------->
-> Search *.jpg files on /home/fernando/Escritorio/wp-content/themes/GeoPlaces/ and compare with remote S3 files.
[2013-10-29 11:40]----------------------------------------------------------->
-> Search *.css files on /home/fernando/Escritorio/wp-content/themes/GeoPlaces/ and compare with remote S3 files.
......[2013-10-29 11:41]----------------------------------------------------------->
-> Search *.css files on /home/fernando/Escritorio/wp-content/themes/GeoPlaces/ and compare with remote S3 files.
.[2013-10-29 11:41]----------------------------------------------------------->
-> Search *.css files on -s and compare with remote S3 files.
find: unknown predicate `-s'
-> Search *.js files on -s and compare with remote S3 files.
find: unknown predicate `-s'
-> Search *.css.min.gz files on -s and compare with remote S3 files.
find: unknown predicate `-s'
-> Search *.js.min.gz files on -s and compare with remote S3 files.
find: unknown predicate `-s'

Complete: 

 All files are up to date.
[2013-10-29 11:42]----------------------------------------------------------->
-> Search *.css files on  and compare with remote S3 files.
-> Search *.js files on  and compare with remote S3 files.
-> Search *.css.min.gz files on  and compare with remote S3 files.
-> Search *.js.min.gz files on  and compare with remote S3 files.

Complete: 

 All files are up to date.
[2013-10-29 11:44]----------------------------------------------------------->
-> Search *.css files on  and compare with remote S3 files.
-> Search *.js files on  and compare with remote S3 files.
-> Search *.css.min.gz files on  and compare with remote S3 files.
-> Search *.js.min.gz files on  and compare with remote S3 files.

Complete: 

 All files are up to date.
[2013-10-29 11:44]----------------------------------------------------------->
-> Search *.css files on /home/fernando/Escritorio/wp-content/themes/GeoPlaces/ and compare with remote S3 files.
......[2013-10-29 11:52]----------------------------------------------------------->
-> Search *.jpg files on /home/fernando/Escritorio/wp-content/themes/GeoPlaces/ and compare with remote S3 files.
.....[2013-10-29 11:54]----------------------------------------------------------->
-> Search *.css files on -sn and compare with remote S3 files.
find: unknown predicate `-sn'
-> Search *.js files on -sn and compare with remote S3 files.
find: unknown predicate `-sn'
-> Search *.css.min.gz files on -sn and compare with remote S3 files.
find: unknown predicate `-sn'
-> Search *.js.min.gz files on -sn and compare with remote S3 files.
find: unknown predicate `-sn'

Complete: 

 All files are up to date.
[2013-10-29 11:54]----------------------------------------------------------->
-> Search *.jpg files on /home/fernando/Escritorio/wp-content/themes/GeoPlaces/ and compare with remote S3 files.
..[2013-10-29 11:55]----------------------------------------------------------->
-> Search *.css files on /home/fernando/Escritorio/wp-content/themes/GeoPlaces/ and compare with remote S3 files.
...[2013-10-29 11:55]----------------------------------------------------------->
-> Search *.css files on /home/fernando/Escritorio/wp-content/themes/GeoPlaces/ and compare with remote S3 files.
.[2013-10-29 11:55]----------------------------------------------------------->
-> Search *.css files on /home/fernando/Escritorio/wp-content/themes/GeoPlaces/ and compare with remote S3 files.
.[2013-10-29 11:55]----------------------------------------------------------->
-> Search *.css files on  and compare with remote S3 files.
-> Search *.js files on  and compare with remote S3 files.
-> Search *.css.min.gz files on  and compare with remote S3 files.
-> Search *.js.min.gz files on  and compare with remote S3 files.

Complete: 

 All files are up to date.
[2013-10-29 11:56]----------------------------------------------------------->
-> Search *.css files on /home/fernando/Escritorio/wp-content/themes/GeoPlaces/ and compare with remote S3 files.
..[2013-10-29 11:56]----------------------------------------------------------->
-> Search *.css files on /home/fernando/Escritorio/wp-content/themes/GeoPlaces/ and compare with remote S3 files.
...[2013-10-29 12:03]----------------------------------------------------------->
-> Search *.jpg files on /home/fernando/Escritorio/ and compare with remote S3 files.
[2013-10-29 12:04]----------------------------------------------------------->
-> Search *.jpg files on /home/fernando/Escritorio/wp-content/themes/GeoPlaces/ and compare with remote S3 files.
.....[2013-10-29 12:04]----------------------------------------------------------->
-> Search *.jpg files on /home/fernando/Escritorio/ and compare with remote S3 files.
[2013-10-29 12:06]----------------------------------------------------------->
-> Search *.jpg files on /home/fernando/Escritorio/ and compare with remote S3 files.
[2013-10-29 12:06]----------------------------------------------------------->
-> Search *.jpg files on /home/fernando/Escritorio/wp-content/themes/GeoPlaces/ and compare with remote S3 files.
...[2013-10-29 12:07]----------------------------------------------------------->
-> Search *.jpg files on /home/fernando/Escritorio/wp-content/themes/GeoPlaces/ and compare with remote S3 files.
......[2013-10-29 12:10]----------------------------------------------------------->
-> Search *.jpg files on /home/fernando/Escritorio/wp-content/themes/GeoPlaces/ and compare with remote S3 files.
..[2013-10-29 12:10]----------------------------------------------------------->
-> Search *.jpg files on /home/fernando/Escritorio/wp-content/themes/GeoPlaces/ and compare with remote S3 files.
[2013-10-29 12:12]----------------------------------------------------------->
-> Search *.jpg files on /home/fernando/Escritorio/wp-content/themes/GeoPlaces/ and compare with remote S3 files.
  new file found: /home/fernando/Escritorio/wp-content/themes/GeoPlaces/monetize/place/bambu-burger/gallery-BambuBurger-1_L.jpg
[2013-10-29 12:13]----------------------------------------------------------->
-> Search *.jpg files on /home/fernando/Escritorio/wp-content/themes/GeoPlaces/ and compare with remote S3 files.
...[2013-10-29 12:14]----------------------------------------------------------->
-> Search *.css files on /home/fernando/Escritorio/wp-content/themes/GeoPlaces/ and compare with remote S3 files.
...[2013-10-29 12:20]----------------------------------------------------------->
-> Search *.jpg files on /home/fernando/Escritorio/wp-content/themes/GeoPlaces/ and compare with remote S3 files.
...[2013-10-29 12:23]----------------------------------------------------------->
-> Search *.jpg files on /home/fernando/Escritorio/wp-content/themes/GeoPlaces/ and compare with remote S3 files.
...[2013-10-29 12:30]----------------------------------------------------------->
-> Search *.jpg files on /home/fernando/Escritorio/wp-content/themes/GeoPlaces/ and compare with remote S3 files.
  new file found: /home/fernando/Escritorio/wp-content/themes/GeoPlaces/monetize/place/bambu-burger/gallery-BambuBurger-1_L.jpg
  new file found: /home/fernando/Escritorio/wp-content/themes/GeoPlaces/monetize/place/bambu-burger/gallery-BambuBurger-2_L.jpg
  new file found: /home/fernando/Escritorio/wp-content/themes/GeoPlaces/library/functions/widgets/widget_images/banner2.jpg
[2013-10-30 11:17]----------------------------------------------------------->
-> Search *.css files on /home/fernando/Escritorio/wp-content/themes/GeoPlaces/ and compare with remote S3 files.
.......[2013-10-30 11:17]----------------------------------------------------------->
-> Search *.jpg files on /home/fernando/Escritorio/wp-content/themes/GeoPlaces/ and compare with remote S3 files.
[2013-10-30 11:18]----------------------------------------------------------->
-> Search *.css files on /home/fernando/Escritorio/wp-content/themes/GeoPlaces/ and compare with remote S3 files.
...[2013-10-30 11:18]----------------------------------------------------------->
-> Search *.css files on /home/fernando/Escritorio/wp-content/themes/GeoPlaces/ and compare with remote S3 files.
......[2013-10-30 11:18]----------------------------------------------------------->
-> Search *.css files on /home/fernando/Escritorio/wp-content/themes/GeoPlaces/ and compare with remote S3 files.
..[2013-10-30 11:19]----------------------------------------------------------->
-> Search *.css files on /home/fernando/Escritorio/wp-content/themes/GeoPlaces/ and compare with remote S3 files.
.....[2013-10-30 11:19]----------------------------------------------------------->
-> Search *.css files on /home/fernando/Escritorio/wp-content/themes/GeoPlaces/ and compare with remote S3 files.
.[2013-10-30 11:19]----------------------------------------------------------->
-> Search *.css files on /home/fernando/Escritorio/wp-content/themes/GeoPlaces/ and compare with remote S3 files.
.......[2013-10-30 11:22]----------------------------------------------------------->
-> Search *.css files on /home/fernando/Escritorio/wp-content/themes/GeoPlaces/ and compare with remote S3 files.
................................................................-> Search *.js files on /home/fernando/Escritorio/wp-content/themes/GeoPlaces/ and compare with remote S3 files.
...................[2013-10-30 11:24]----------------------------------------------------------->
-> Search *.css files on /home/fernando/Escritorio/wp-content/themes/GeoPlaces/ and compare with remote S3 files.
..........